Job Scanner — 2026-03-18T22:07:01.606Z

Section 1: Startups / AI
  workatastartup.com (YC)...
  builtin.com...
  LinkedIn: "creative director AI startup" [remote]...
  LinkedIn: "head of brand AI" [remote]...
  LinkedIn: "head of social startup" [remote]...
  LinkedIn: "creative director startup" [remote]...

Section 2: Crypto
  web3.career...
  cryptocurrencyjobs.co...
  remote3.co...
  Career cache: 158 crypto projects...
    Found 0 matching from career cache
  LinkedIn: "creative director crypto web3" [remote]...
  LinkedIn: "head of brand crypto blockchain" [remote]...
  LinkedIn: "head of marketing web3 crypto" [remote]...
  LinkedIn: "head of social crypto" [remote]...

Section 3: Advertising Agency (Sydney)
  LinkedIn: "creative director advertising agency" [Sydney, Australia]...
  LinkedIn: "head of brand advertising agency" [Sydney, Australia]...
  LinkedIn: "head of social advertising agency" [Sydney, Australia]...
  LinkedIn: "creative director agency" [Sydney, Australia]...
  LinkedIn: "brand director agency" [Sydney, Australia]...

Results: AI=0, Crypto=0, Ad=0 (total new: 0)
Sending email via Mail.app...
  Failed to send email: spawnSync /bin/sh ETIMEDOUT
  Saved email to /Users/jack/iCloud Drive (Archive) - 1/Documents/BOt/Hyperliquid Copy/tools/job-scanner/latest-email.txt

Done.
Job Scanner — 2026-03-20T22:07:01.811Z

Section 1: Startups / AI
  workatastartup.com (YC)...
  builtin.com...
  LinkedIn: "creative director AI startup" [remote]...
  LinkedIn: "head of brand AI" [remote]...
  LinkedIn: "head of social startup" [remote]...
  LinkedIn: "creative director startup" [remote]...

Section 2: Crypto
  web3.career...
  cryptocurrencyjobs.co...
  remote3.co...
  Career cache: 158 crypto projects...
    Found 1 matching from career cache
  LinkedIn: "creative director crypto web3" [remote]...
  LinkedIn: "head of brand crypto blockchain" [remote]...
  LinkedIn: "head of marketing web3 crypto" [remote]...
  LinkedIn: "head of social crypto" [remote]...

Section 3: Advertising Agency (Sydney)
  LinkedIn: "creative director advertising agency" [Sydney, Australia]...
  LinkedIn: "head of brand advertising agency" [Sydney, Australia]...
  LinkedIn: "head of social advertising agency" [Sydney, Australia]...
  LinkedIn: "creative director agency" [Sydney, Australia]...
  LinkedIn: "brand director agency" [Sydney, Australia]...

Results: AI=11, Crypto=1, Ad=5 (total new: 17)
Sending email via Mail.app...
  Failed to send email: spawnSync /bin/sh ETIMEDOUT
  Saved email to /Users/jack/iCloud Drive (Archive) - 1/Documents/BOt/Hyperliquid Copy/tools/job-scanner/latest-email.txt

Done.
Job Scanner — 2026-03-22T22:07:01.721Z

Section 1: Startups / AI
  workatastartup.com (YC)...
  builtin.com...
  LinkedIn: "creative director AI startup" [remote]...
  LinkedIn: "head of brand AI" [remote]...
  LinkedIn: "head of social startup" [remote]...
  LinkedIn: "creative director startup" [remote]...

Section 2: Crypto
  web3.career...
  cryptocurrencyjobs.co...
  remote3.co...
  Career cache: 158 crypto projects...
    Found 1 matching from career cache
  LinkedIn: "creative director crypto web3" [remote]...
  LinkedIn: "head of brand crypto blockchain" [remote]...
  LinkedIn: "head of marketing web3 crypto" [remote]...
  LinkedIn: "head of social crypto" [remote]...

Section 3: Advertising Agency (Sydney)
  LinkedIn: "creative director advertising agency" [Sydney, Australia]...
  LinkedIn: "head of brand advertising agency" [Sydney, Australia]...
  LinkedIn: "head of social advertising agency" [Sydney, Australia]...
  LinkedIn: "creative director agency" [Sydney, Australia]...
  LinkedIn: "brand director agency" [Sydney, Australia]...

Results: AI=4, Crypto=0, Ad=1 (total new: 5)
Sending email via Mail.app...
  Failed to send email: spawnSync /bin/sh ETIMEDOUT
  Saved email to /Users/jack/iCloud Drive (Archive) - 1/Documents/BOt/Hyperliquid Copy/tools/job-scanner/latest-email.txt

Done.
Job Scanner — 2026-03-24T22:07:01.605Z

Section 1: Startups / AI
  workatastartup.com (YC)...
  builtin.com...
  LinkedIn: "creative director AI startup" [remote]...
  LinkedIn: "head of brand AI" [remote]...
  LinkedIn: "head of social startup" [remote]...
  LinkedIn: "creative director startup" [remote]...

Section 2: Crypto
  web3.career...
  cryptocurrencyjobs.co...
  remote3.co...
  Career cache: 158 crypto projects...
    Found 0 matching from career cache
  LinkedIn: "creative director crypto web3" [remote]...
  LinkedIn: "head of brand crypto blockchain" [remote]...
  LinkedIn: "head of marketing web3 crypto" [remote]...
  LinkedIn: "head of social crypto" [remote]...

Section 3: Advertising Agency (Sydney)
  LinkedIn: "creative director advertising agency" [Sydney, Australia]...
  LinkedIn: "head of brand advertising agency" [Sydney, Australia]...
  LinkedIn: "head of social advertising agency" [Sydney, Australia]...
  LinkedIn: "creative director agency" [Sydney, Australia]...
  LinkedIn: "brand director agency" [Sydney, Australia]...

Results: AI=1, Crypto=1, Ad=2 (total new: 4)
Sending email via Mail.app...
  Failed to send email: spawnSync /bin/sh ETIMEDOUT
  Saved email to /Users/jack/iCloud Drive (Archive) - 1/Documents/BOt/Hyperliquid Copy/tools/job-scanner/latest-email.txt

Done.
Job Scanner — 2026-03-26T22:07:01.155Z

Section 1: Startups / AI
  workatastartup.com (YC)...
  builtin.com...
  LinkedIn: "creative director AI startup" [remote]...
  LinkedIn: "head of brand AI" [remote]...
  LinkedIn: "head of social startup" [remote]...
  LinkedIn: "creative director startup" [remote]...

Section 2: Crypto
  web3.career...
  cryptocurrencyjobs.co...
  remote3.co...
  Career cache: 158 crypto projects...
    Found 0 matching from career cache
  LinkedIn: "creative director crypto web3" [remote]...
  LinkedIn: "head of brand crypto blockchain" [remote]...
  LinkedIn: "head of marketing web3 crypto" [remote]...
  LinkedIn: "head of social crypto" [remote]...

Section 3: Advertising Agency (Sydney)
  LinkedIn: "creative director advertising agency" [Sydney, Australia]...
  LinkedIn: "head of brand advertising agency" [Sydney, Australia]...
  LinkedIn: "head of social advertising agency" [Sydney, Australia]...
  LinkedIn: "creative director agency" [Sydney, Australia]...
  LinkedIn: "brand director agency" [Sydney, Australia]...

Results: AI=5, Crypto=0, Ad=5 (total new: 10)
Sending email via Mail.app...
  Email sent to jack@craitve.com

Done.
Job Scanner — 2026-03-28T22:07:01.495Z

Section 1: Startups / AI
  workatastartup.com (YC)...
  builtin.com...
  LinkedIn: "creative director AI startup" [remote]...
  LinkedIn: "head of brand AI" [remote]...
  LinkedIn: "head of social startup" [remote]...
  LinkedIn: "creative director startup" [remote]...

Section 2: Crypto
  web3.career...
  cryptocurrencyjobs.co...
  remote3.co...
  Career cache: 158 crypto projects...
    Found 1 matching from career cache
  LinkedIn: "creative director crypto web3" [remote]...
  LinkedIn: "head of brand crypto blockchain" [remote]...
  LinkedIn: "head of marketing web3 crypto" [remote]...
  LinkedIn: "head of social crypto" [remote]...

Section 3: Advertising Agency (Sydney)
  LinkedIn: "creative director advertising agency" [Sydney, Australia]...
  LinkedIn: "head of brand advertising agency" [Sydney, Australia]...
  LinkedIn: "head of social advertising agency" [Sydney, Australia]...
  LinkedIn: "creative director agency" [Sydney, Australia]...
  LinkedIn: "brand director agency" [Sydney, Australia]...

Results: AI=3, Crypto=1, Ad=3 (total new: 7)
Sending email via Mail.app...
  Email sent to jack@craitve.com

Done.
Job Scanner — 2026-03-30T22:07:01.413Z

Section 1: Startups / AI
  workatastartup.com (YC)...
  builtin.com...
  LinkedIn: "creative director AI startup" [remote]...
  LinkedIn: "head of brand AI" [remote]...
  LinkedIn: "head of social startup" [remote]...
  LinkedIn: "creative director startup" [remote]...

Section 2: Crypto
  web3.career...
  cryptocurrencyjobs.co...
  remote3.co...
  Career cache: 158 crypto projects...
    Found 1 matching from career cache
  LinkedIn: "creative director crypto web3" [remote]...
  LinkedIn: "head of brand crypto blockchain" [remote]...
  LinkedIn: "head of marketing web3 crypto" [remote]...
  LinkedIn: "head of social crypto" [remote]...

Section 3: Advertising Agency (Sydney)
  LinkedIn: "creative director advertising agency" [Sydney, Australia]...
  LinkedIn: "head of brand advertising agency" [Sydney, Australia]...
  LinkedIn: "head of social advertising agency" [Sydney, Australia]...
  LinkedIn: "creative director agency" [Sydney, Australia]...
  LinkedIn: "brand director agency" [Sydney, Australia]...

Results: AI=5, Crypto=0, Ad=2 (total new: 7)
Sending email via Mail.app...
  Email sent to jack@craitve.com

Done.
Job Scanner — 2026-03-31T22:07:01.868Z

Section 1: Startups / AI
  workatastartup.com (YC)...
  builtin.com...
  LinkedIn: "creative director AI startup" [remote]...
  LinkedIn: "head of brand AI" [remote]...
  LinkedIn: "head of social startup" [remote]...
  LinkedIn: "creative director startup" [remote]...

Section 2: Crypto
  web3.career...
  cryptocurrencyjobs.co...
  remote3.co...
  Career cache: 158 crypto projects...
    Found 1 matching from career cache
  LinkedIn: "creative director crypto web3" [remote]...
  LinkedIn: "head of brand crypto blockchain" [remote]...
  LinkedIn: "head of marketing web3 crypto" [remote]...
  LinkedIn: "head of social crypto" [remote]...

Section 3: Advertising Agency (Sydney)
  LinkedIn: "creative director advertising agency" [Sydney, Australia]...
  LinkedIn: "head of brand advertising agency" [Sydney, Australia]...
  LinkedIn: "head of social advertising agency" [Sydney, Australia]...
  LinkedIn: "creative director agency" [Sydney, Australia]...
  LinkedIn: "brand director agency" [Sydney, Australia]...

Results: AI=1, Crypto=1, Ad=1 (total new: 3)
Sending email via Mail.app...
  Email sent to jack@craitve.com

Done.
Job Scanner — 2026-04-02T22:07:05.890Z

Section 1: Startups / AI
  workatastartup.com (YC)...
  builtin.com...
  LinkedIn: "creative director AI startup" [remote]...
  LinkedIn: "head of brand AI" [remote]...
  LinkedIn: "head of social startup" [remote]...
  LinkedIn: "creative director startup" [remote]...

Section 2: Crypto
  web3.career...
  cryptocurrencyjobs.co...
  remote3.co...
  Career cache: 158 crypto projects...
    Found 1 matching from career cache
  LinkedIn: "creative director crypto web3" [remote]...
  LinkedIn: "head of brand crypto blockchain" [remote]...
  LinkedIn: "head of marketing web3 crypto" [remote]...
  LinkedIn: "head of social crypto" [remote]...

Section 3: Advertising Agency (Sydney)
  LinkedIn: "creative director advertising agency" [Sydney, Australia]...
  LinkedIn: "head of brand advertising agency" [Sydney, Australia]...
  LinkedIn: "head of social advertising agency" [Sydney, Australia]...
  LinkedIn: "creative director agency" [Sydney, Australia]...
  LinkedIn: "brand director agency" [Sydney, Australia]...

Results: AI=7, Crypto=0, Ad=2 (total new: 9)
Sending email via Mail.app...
  Email sent to jack@craitve.com

Done.
Job Scanner — 2026-04-06T23:07:01.388Z

Section 1: Startups / AI
  workatastartup.com (YC)...
  builtin.com...
  LinkedIn: "creative director AI startup" [remote]...
  LinkedIn: "head of brand AI" [remote]...
  LinkedIn: "head of social startup" [remote]...
  LinkedIn: "creative director startup" [remote]...

Section 2: Crypto
  web3.career...
  cryptocurrencyjobs.co...
  remote3.co...
  Career cache: 158 crypto projects...
    Found 1 matching from career cache
  LinkedIn: "creative director crypto web3" [remote]...
  LinkedIn: "head of brand crypto blockchain" [remote]...
  LinkedIn: "head of marketing web3 crypto" [remote]...
  LinkedIn: "head of social crypto" [remote]...

Section 3: Advertising Agency (Sydney)
  LinkedIn: "creative director advertising agency" [Sydney, Australia]...
  LinkedIn: "head of brand advertising agency" [Sydney, Australia]...
  LinkedIn: "head of social advertising agency" [Sydney, Australia]...
  LinkedIn: "creative director agency" [Sydney, Australia]...
  LinkedIn: "brand director agency" [Sydney, Australia]...

Results: AI=6, Crypto=1, Ad=0 (total new: 7)
Sending email via Mail.app...
  Email sent to jack@craitve.com

Done.
Job Scanner — 2026-04-08T23:07:01.221Z

Section 1: Startups / AI
  workatastartup.com (YC)...
  builtin.com...
  LinkedIn: "creative director AI startup" [remote]...
  LinkedIn: "head of brand AI" [remote]...
  LinkedIn: "head of social startup" [remote]...
  LinkedIn: "creative director startup" [remote]...

Section 2: Crypto
  web3.career...
  cryptocurrencyjobs.co...
  remote3.co...
  Career cache: 158 crypto projects...
    Found 1 matching from career cache
  LinkedIn: "creative director crypto web3" [remote]...
  LinkedIn: "head of brand crypto blockchain" [remote]...
  LinkedIn: "head of marketing web3 crypto" [remote]...
  LinkedIn: "head of social crypto" [remote]...

Section 3: Advertising Agency (Sydney)
  LinkedIn: "creative director advertising agency" [Sydney, Australia]...
  LinkedIn: "head of brand advertising agency" [Sydney, Australia]...
  LinkedIn: "head of social advertising agency" [Sydney, Australia]...
  LinkedIn: "creative director agency" [Sydney, Australia]...
  LinkedIn: "brand director agency" [Sydney, Australia]...

Results: AI=2, Crypto=1, Ad=5 (total new: 8)
Sending email via Mail.app...
  Email sent to jack@craitve.com

Done.
